[2015-03-31 22:32:26] __rvm_post_configure_ruby
__rvm_post_configure_ruby () 
{ 
    __rvm_post_configure_ruby_fix_athlon_sse2;
    __rvm_post_configure_ruby_update_setup
}
current path: /home/hobe/.rvm/src/ruby-2.1.5
PATH=/usr/local/sbin:/usr/local/bin:/usr/sbin:/usr/bin:/sbin:/bin:/usr/games:/usr/local/games:/home/hobe/.rvm/bin:/home/hobe/.rvm/bin
command(1): __rvm_post_configure_ruby
++ __rvm_post_configure_ruby_fix_athlon_sse2
++ [[ -f /proc/cpuinfo ]]
++ [[ -f Makefile ]]
++ __rvm_grep '^XCFLAGS = .*-msse2' Makefile
++ GREP_OPTIONS=
++ command grep '^XCFLAGS = .*-msse2' Makefile
++ grep '^XCFLAGS = .*-msse2' Makefile
++ __rvm_grep '^flags.*sse2' /proc/cpuinfo
++ GREP_OPTIONS=
++ command grep '^flags.*sse2' /proc/cpuinfo
++ grep '^flags.*sse2' /proc/cpuinfo
flags		: fpu vme de pse tsc msr pae mce cx8 apic mtrr pge mca cmov pat pse36 clflush mmx fxsr sse sse2 rdtscp constant_tsc pni monitor ssse3
++ __rvm_post_configure_ruby_update_setup
++ typeset option
++ ((  0 == 1  ))
